{
  "RSpec": {
    "coverage": {
      "/home/marcelo/Projects/pamelajacobus.com.br/app/controllers/application_controller.rb": [
        1,
        1,
        null
      ],
      "/home/marcelo/Projects/pamelajacobus.com.br/app/helpers/application_helper.rb": [
        1,
        1,
        1,
        null,
        null
      ],
      "/home/marcelo/Projects/pamelajacobus.com.br/app/helpers/albums_helper.rb": [
        1,
        1,
        0,
        null,
        null
      ],
      "/home/marcelo/Projects/pamelajacobus.com.br/app/helpers/categories_helper.rb": [
        1,
        1,
        0,
        null,
        null
      ],
      "/home/marcelo/Projects/pamelajacobus.com.br/app/helpers/facebook_share_helper.rb": [
        1,
        null,
        null,
        null,
        1,
        1,
        1,
        7,
        null,
        null,
        null,
        null,
        null,
        null,
        null,
        1,
        null,
        null,
        null,
        null,
        null,
        null,
        null,
        null,
        2,
        null,
        null,
        null,
        null,
        null,
        1,
        1,
        null,
        null,
        null,
        null,
        null,
        null,
        null,
        null,
        null,
        null,
        1,
        1,
        null,
        null,
        null,
        null,
        null,
        null,
        1,
        1,
        null,
        1,
        null,
        1,
        null,
        null,
        null,
        null,
        null,
        null,
        null,
        null,
        null,
        null,
        1,
        1,
        null,
        null,
        null,
        null,
        null,
        1,
        2,
        null,
        null,
        null
      ],
      "/home/marcelo/Projects/pamelajacobus.com.br/app/helpers/google_analytics_helper.rb": [
        1,
        1,
        1,
        null,
        1,
        null,
        null,
        null,
        null,
        null,
        null,
        null,
        null,
        null,
        null,
        null,
        null,
        null,
        1,
        null,
        null
      ],
      "/home/marcelo/Projects/pamelajacobus.com.br/app/helpers/home_helper.rb": [
        1,
        1,
        1,
        null,
        null
      ],
      "/home/marcelo/Projects/pamelajacobus.com.br/app/helpers/markdown_helper.rb": [
        1,
        1,
        0,
        null,
        null
      ],
      "/home/marcelo/Projects/pamelajacobus.com.br/app/helpers/pages_helper.rb": [
        1,
        1,
        0,
        null,
        null
      ],
      "/home/marcelo/Projects/pamelajacobus.com.br/app/helpers/picture_helper.rb": [
        1,
        1,
        0,
        0,
        null,
        null
      ],
      "/home/marcelo/Projects/pamelajacobus.com.br/app/models/admin_user.rb": [
        1,
        null,
        null,
        null,
        1,
        null,
        null,
        null,
        1,
        null,
        null
      ],
      "/home/marcelo/Projects/pamelajacobus.com.br/app/admin/categories.rb": [
        1,
        null,
        null
      ],
      "/home/marcelo/Projects/pamelajacobus.com.br/app/models/category.rb": [
        1,
        1,
        1,
        null,
        1,
        2,
        null,
        null,
        1,
        1,
        null
      ],
      "/home/marcelo/Projects/pamelajacobus.com.br/app/admin/pages.rb": [
        1,
        null,
        1,
        0,
        0,
        0,
        0,
        null,
        0,
        null,
        null,
        1,
        0,
        0,
        0,
        0,
        0,
        null,
        null,
        0,
        null,
        null,
        1,
        0,
        0,
        0,
        0,
        0,
        0,
        null,
        null,
        null,
        null
      ],
      "/home/marcelo/Projects/pamelajacobus.com.br/app/models/page.rb": [
        1,
        1,
        1,
        1,
        1,
        null
      ],
      "/home/marcelo/Projects/pamelajacobus.com.br/app/admin/albums.rb": [
        1,
        null,
        1,
        0,
        0,
        0,
        0,
        0,
        null,
        null,
        null,
        0,
        0,
        0,
        0,
        0,
        null,
        0,
        null,
        null,
        1,
        0,
        0,
        0,
        0,
        0,
        null,
        0,
        0,
        0,
        0,
        0,
        null,
        0,
        0,
        null,
        null,
        null,
        null,
        1,
        0,
        0,
        0,
        0,
        0,
        null,
        0,
        null,
        null,
        null
      ],
      "/home/marcelo/Projects/pamelajacobus.com.br/app/models/album.rb": [
        1,
        1,
        null,
        null,
        null,
        null,
        null,
        null,
        1,
        1,
        null,
        1,
        1,
        1,
        1,
        null,
        2,
        3,
        4,
        5,
        5,
        null,
        null,
        1,
        6,
        null,
        6,
        9,
        7,
        null,
        null,
        null,
        6,
        null,
        null,
        1,
        4,
        4,
        1,
        null,
        3,
        null,
        null,
        1,
        2,
        null,
        null
      ],
      "/home/marcelo/Projects/pamelajacobus.com.br/app/admin/admin_user.rb": [
        1,
        1,
        0,
        0,
        0,
        0,
        0,
        null,
        null,
        1,
        null,
        1,
        0,
        0,
        0,
        0,
        null,
        0,
        null,
        null
      ],
      "/home/marcelo/Projects/pamelajacobus.com.br/app/admin/dashboard.rb": [
        1,
        null,
        1,
        null,
        1,
        0,
        0,
        0,
        0,
        null,
        null,
        null,
        null,
        null,
        null,
        null,
        null,
        null,
        null,
        null,
        null,
        null,
        null,
        null,
        null,
        null,
        null,
        null,
        null,
        null,
        null,
        null,
        null
      ],
      "/home/marcelo/Projects/pamelajacobus.com.br/app/admin/pictures.rb": [
        1,
        1,
        null,
        1,
        null,
        1,
        0,
        0,
        0,
        0,
        0,
        0,
        0,
        null,
        null,
        0,
        null,
        null,
        null,
        1,
        0,
        0,
        0,
        0,
        null,
        0,
        null,
        0,
        0,
        null,
        0,
        0,
        null,
        null,
        null
      ],
      "/home/marcelo/Projects/pamelajacobus.com.br/app/models/picture.rb": [
        null,
        null,
        null,
        null,
        null,
        null,
        null,
        null,
        1,
        1,
        1,
        null,
        1,
        null,
        null,
        null,
        null,
        null,
        null,
        null,
        null,
        null,
        null,
        null,
        null,
        null,
        null,
        null,
        null,
        null,
        1,
        null,
        null,
        null,
        1,
        null,
        1,
        2,
        null,
        null
      ],
      "/home/marcelo/Projects/pamelajacobus.com.br/app/controllers/albums_controller.rb": [
        1,
        1,
        1,
        1,
        null,
        null,
        1,
        3,
        null,
        3,
        1,
        null,
        null,
        2,
        null,
        null
      ],
      "/home/marcelo/Projects/pamelajacobus.com.br/app/controllers/frontend_controller.rb": [
        1,
        1,
        1,
        null,
        1,
        1,
        null,
        null,
        1,
        2,
        null,
        null,
        1,
        4,
        null,
        null
      ],
      "/home/marcelo/Projects/pamelajacobus.com.br/app/controllers/categories_controller.rb": [
        1,
        1,
        1,
        1,
        1,
        null,
        null
      ],
      "/home/marcelo/Projects/pamelajacobus.com.br/app/controllers/contact_controller.rb": [
        1,
        1,
        null,
        1,
        0,
        null,
        null,
        1,
        0,
        0,
        0,
        null,
        0,
        0,
        null,
        null,
        0,
        null,
        null
      ],
      "/home/marcelo/Projects/pamelajacobus.com.br/app/models/contact.rb": [
        1,
        1,
        1,
        1,
        1,
        1,
        null,
        1,
        null,
        null,
        null,
        null,
        0,
        null,
        null
      ],
      "/home/marcelo/Projects/pamelajacobus.com.br/app/controllers/pages_controller.rb": [
        1,
        1,
        null,
        1,
        1,
        0,
        null,
        1,
        null,
        null,
        null,
        1,
        1,
        1,
        1,
        null,
        0,
        null,
        null,
        null,
        null
      ]
    },
    "timestamp": 1386568883
  }
}
